<?xml version="1.0" encoding="UTF-8"?>
<!-- Generated by org.testng.reporters.JUnitReportReporter -->
<testsuite skipped="0" hostname="Vishalmi-w10" name="com.ltsa.qa.testcases.LoginPageTest" tests="1" failures="0" timestamp="31 Jul 2021 13:24:28 GMT" time="14.711" errors="0">
  <testcase name="login" time="14.711" classname="com.ltsa.qa.testcases.LoginPageTest"/>
</testsuite> <!-- com.ltsa.qa.testcases.LoginPageTest -->
